Release 14.7 - xst P.20131013 (nt64)
Copyright (c) 1995-2013 Xilinx, Inc.  All rights reserved.
--> Parameter TMPDIR set to xst/projnav.tmp


Total REAL time to Xst completion: 0.00 secs
Total CPU time to Xst completion: 0.09 secs
 
--> Parameter xsthdpdir set to xst


Total REAL time to Xst completion: 0.00 secs
Total CPU time to Xst completion: 0.09 secs
 
--> Reading design: ALM_TopModule.prj

TABLE OF CONTENTS
  1) Synthesis Options Summary
  2) HDL Parsing
  3) HDL Elaboration
  4) HDL Synthesis
       4.1) HDL Synthesis Report
  5) Advanced HDL Synthesis
       5.1) Advanced HDL Synthesis Report
  6) Low Level Synthesis
  7) Partition Report
  8) Design Summary
       8.1) Primitive and Black Box Usage
       8.2) Device utilization summary
       8.3) Partition Resource Summary
       8.4) Timing Report
            8.4.1) Clock Information
            8.4.2) Asynchronous Control Signals Information
            8.4.3) Timing Summary
            8.4.4) Timing Details
            8.4.5) Cross Clock Domains Report


=========================================================================
*                      Synthesis Options Summary                        *
=========================================================================
---- Source Parameters
Input File Name                    : "ALM_TopModule.prj"
Ignore Synthesis Constraint File   : NO

---- Target Parameters
Output File Name                   : "ALM_TopModule"
Output Format                      : NGC
Target Device                      : xc6slx45-3-csg484

---- Source Options
Top Module Name                    : ALM_TopModule
Automatic FSM Extraction           : YES
FSM Encoding Algorithm             : Auto
Safe Implementation                : No
FSM Style                          : LUT
RAM Extraction                     : Yes
RAM Style                          : Auto
ROM Extraction                     : Yes
Shift Register Extraction          : YES
ROM Style                          : Auto
Resource Sharing                   : YES
Asynchronous To Synchronous        : NO
Shift Register Minimum Size        : 2
Use DSP Block                      : Auto
Automatic Register Balancing       : No

---- Target Options
LUT Combining                      : Auto
Reduce Control Sets                : Auto
Add IO Buffers                     : YES
Global Maximum Fanout              : 100000
Add Generic Clock Buffer(BUFG)     : 16
Register Duplication               : YES
Optimize Instantiated Primitives   : NO
Use Clock Enable                   : Auto
Use Synchronous Set                : Auto
Use Synchronous Reset              : Auto
Pack IO Registers into IOBs        : Auto
Equivalent register Removal        : YES

---- General Options
Optimization Goal                  : Speed
Optimization Effort                : 1
Power Reduction                    : NO
Keep Hierarchy                     : No
Netlist Hierarchy                  : As_Optimized
RTL Output                         : Yes
Global Optimization                : AllClockNets
Read Cores                         : YES
Write Timing Constraints           : NO
Cross Clock Analysis               : NO
Hierarchy Separator                : /
Bus Delimiter                      : <>
Case Specifier                     : Maintain
Slice Utilization Ratio            : 100
BRAM Utilization Ratio             : 100
DSP48 Utilization Ratio            : 100
Auto BRAM Packing                  : NO
Slice Utilization Ratio Delta      : 5

---- Other Options
Cores Search Directories           : {"ipcore_dir"  }

=========================================================================


=========================================================================
*                          HDL Parsing                                  *
=========================================================================
Analyzing Verilog file "E:\Xilinx projects\TaskAB\ipcore_dir\mbram_model.v" into library work
Parsing module <mbram_model>.
Parsing VHDL file "E:\Xilinx projects\TaskAB\Register.vhd" into library work
Parsing entity <Reg>.
Parsing architecture <Behavioral> of entity <reg>.
Parsing VHDL file "E:\Xilinx projects\TaskAB\MUX.vhd" into library work
Parsing entity <ALUMux>.
Parsing architecture <ALUMODEL> of entity <alumux>.
Parsing VHDL file "E:\Xilinx projects\TaskAB\control.vhd" into library work
Parsing entity <ALMControlUnit_Mealy>.
Parsing architecture <Behavioral> of entity <almcontrolunit_mealy>.
Parsing VHDL file "E:\Xilinx projects\TaskAB\clock_div_model.vhd" into library work
Parsing entity <clock_div_model>.
Parsing architecture <Behavioral> of entity <clock_div_model>.
Parsing VHDL file "E:\Xilinx projects\TaskAB\ALU.vhd" into library work
Parsing entity <ALMALU>.
Parsing architecture <arch_ALMALU> of entity <almalu>.
Parsing VHDL file "E:\Xilinx projects\TaskAB\Top_modle.vhd" into library work
Parsing entity <ALM_TopModule>.
Parsing architecture <model_ALM> of entity <alm_topmodule>.

=========================================================================
*                            HDL Elaboration                            *
=========================================================================

Elaborating entity <ALM_TopModule> (architecture <model_ALM>) with generics from library <work>.

Elaborating entity <ALUMux> (architecture <ALUMODEL>) from library <work>.

Elaborating entity <ALMControlUnit_Mealy> (architecture <Behavioral>) from library <work>.

Elaborating entity <Reg> (architecture <Behavioral>) from library <work>.

Elaborating entity <ALMALU> (architecture <arch_ALMALU>) with generics from library <work>.
Going to verilog side to elaborate module mbram_model

Elaborating module <mbram_model>.
WARNING:HDLCompiler:1499 - "E:\Xilinx projects\TaskAB\ipcore_dir\mbram_model.v" Line 39: Empty module <mbram_model> remains a black box.
Back to vhdl to continue elaboration
ERROR:HDLCompiler:1566 - "E:\Xilinx projects\TaskAB\Top_modle.vhd" Line 95: Expression has 3 elements ; formal addra expects 4
ERROR:HDLCompiler:432 - "E:\Xilinx projects\TaskAB\ipcore_dir\mbram_model.v" Line 49: Formal <addra> has no actual or default value.
Netlist ALM_TopModule("TRUE")(1,4)(model_ALM) remains a blackbox, due to errors in its contents
--> 

Total memory usage is 4465364 kilobytes

Number of errors   :    2 (   0 filtered)
Number of warnings :    1 (   0 filtered)
Number of infos    :    0 (   0 filtered)

