Command line:
   n_bit_full_adder_TB_isim_beh.exe
     -simmode  gui
     -simrunnum  0
     -socket  54865

Fri Jul 01 02:21:59 2022


 Elaboration Time: 0.046875 sec

 Current Memory Usage: 5150.67 Meg

 Total Signals          : 31
 Total Nets             : 18
 Total Signal Drivers   : 11
 Total Blocks           : 15
 Total Primitive Blocks : 5
 Total Processes        : 9
 Total Traceable Variables  : 13
 Total Scalar Nets and Variables : 383
Total Line Count : 29

 Total Simulation Time: 0.109375 sec

 Current Memory Usage: 4678.81 Meg

Fri Jul 01 02:25:27 2022

