INFO:sim:172 - Generating IP...
Applying current project options...
Finished applying current project options.
Resolving generics for 'child_LMBR1'...
WARNING:sim - A core named 'child_LMBR1' already exists in the project. Output
   products for this core may be overwritten.
Applying external generics to 'child_LMBR1'...
Delivering associated files for 'child_LMBR1'...
Delivering EJava files for 'child_LMBR1'...
Generating implementation netlist for 'child_LMBR1'...
INFO:sim - Pre-processing HDL files for 'child_LMBR1'...
Running synthesis for 'child_LMBR1'
Running ngcbuild...
Writing VEO instantiation template for 'child_LMBR1'...
Writing Verilog behavioral simulation model for 'child_LMBR1'...
WARNING:sim - Overwriting existing file E:/Xilinx
   projects/TaskAB/ipcore_dir/tmp/_cg/child_LMBR1/doc/blk_mem_gen_v7_3_vinfo.htm
   l with file from view xilinx_documentation
Delivered 1 file into directory E:/Xilinx
projects/TaskAB/ipcore_dir/tmp/_cg/child_LMBR1
Generating ASY schematic symbol...
INFO:sim:949 - Finished generation of ASY schematic symbol.
Generating SYM schematic symbol for 'child_LMBR1'...
Generating metadata file...
Regenerating ISE project file for 'child_LMBR1'...
Generating ISE project...
XCO file found: child_LMBR1.xco
XMDF file found: child_LMBR1_xmdf.tcl
Adding E:/Xilinx projects/TaskAB/ipcore_dir/tmp/_cg/child_LMBR1.asy -view all
-origin_type imported
Adding E:/Xilinx projects/TaskAB/ipcore_dir/tmp/_cg/child_LMBR1.ngc -view all
-origin_type created
Checking file "E:/Xilinx projects/TaskAB/ipcore_dir/tmp/_cg/child_LMBR1.ngc" for
project device match ...
File "E:/Xilinx projects/TaskAB/ipcore_dir/tmp/_cg/child_LMBR1.ngc" device
information matches project device.
Adding E:/Xilinx projects/TaskAB/ipcore_dir/tmp/_cg/child_LMBR1.sym -view all
-origin_type imported
Adding E:/Xilinx projects/TaskAB/ipcore_dir/tmp/_cg/child_LMBR1.v -view all
-origin_type created
INFO:HDLCompiler:1845 - Analyzing Verilog file "E:/Xilinx
   projects/TaskAB/ipcore_dir/tmp/_cg/child_LMBR1.v" into library work
INFO:ProjectMgmt - Parsing design hierarchy completed successfully.
Adding E:/Xilinx projects/TaskAB/ipcore_dir/tmp/_cg/child_LMBR1.veo -view all
-origin_type imported
INFO:TclTasksC:2116 - The automatic calculation of top has been turned-off.
   Please set the new top explicitly by running the "project set top" command.
   To re-calculate the new top automatically, set the "Auto Implementation Top"
   property to true.
Top level has been set to "/child_LMBR1"
Generating README file...
Generating FLIST file...
INFO:sim:948 - Finished FLIST file generation.
Moving files to output directory...
Finished moving files to output directory
Wrote CGP file for project 'child_LMBR1'.
